<?xml version="1.0" encoding="UTF-8"?>
<robot generator="Robot 5.0 (Python 3.9.7 on win32)" generated="20220408 18:44:25.160" rpa="false" schemaversion="3">
<suite id="s1" name="Hospital" source="C:\Users\yashi\PycharmProjects\HospitalManagement\Tests\HospitalManagement\FunctionalTestSuite\hospital.robot">
<test id="s1-t1" name="Login Page test case" line="17">
<kw name="Open Browser" library="SeleniumLibrary">
<arg>${url}</arg>
<arg>chrome</arg>
<doc>Opens a new browser instance to the optional ``url``.</doc>
<msg timestamp="20220408 18:44:25.411" level="INFO">Opening browser 'chrome' to base url 'http://127.0.0.1:5000/'.</msg>
<status status="PASS" starttime="20220408 18:44:25.411" endtime="20220408 18:44:27.954"/>
</kw>
<kw name="Maximize Browser Window" library="SeleniumLibrary">
<doc>Maximizes current browser window.</doc>
<status status="PASS" starttime="20220408 18:44:27.954" endtime="20220408 18:44:28.098"/>
</kw>
<kw name="Input Text" library="SeleniumLibrary">
<arg>name:name</arg>
<arg>${user_parameter}</arg>
<doc>Types the given ``text`` into the text field identified by ``locator``.</doc>
<msg timestamp="20220408 18:44:28.098" level="INFO">Typing text 'admin' into text field 'name:name'.</msg>
<status status="PASS" starttime="20220408 18:44:28.098" endtime="20220408 18:44:28.180"/>
</kw>
<kw name="Sleep" library="BuiltIn">
<arg>1s</arg>
<doc>Pauses the test executed for the given time.</doc>
<msg timestamp="20220408 18:44:29.188" level="INFO">Slept 1 second</msg>
<status status="PASS" starttime="20220408 18:44:28.180" endtime="20220408 18:44:29.189"/>
</kw>
<kw name="Input Text" library="SeleniumLibrary">
<arg>name:pass</arg>
<arg>${pass_parameter}</arg>
<doc>Types the given ``text`` into the text field identified by ``locator``.</doc>
<msg timestamp="20220408 18:44:29.191" level="INFO">Typing text '12345' into text field 'name:pass'.</msg>
<status status="PASS" starttime="20220408 18:44:29.190" endtime="20220408 18:44:29.321"/>
</kw>
<kw name="Sleep" library="BuiltIn">
<arg>1s</arg>
<doc>Pauses the test executed for the given time.</doc>
<msg timestamp="20220408 18:44:30.322" level="INFO">Slept 1 second</msg>
<status status="PASS" starttime="20220408 18:44:29.322" endtime="20220408 18:44:30.322"/>
</kw>
<kw name="Click Button" library="SeleniumLibrary">
<arg>xpath://html/body/div/div/div/form/table/tbody/tr[3]/td[2]/button</arg>
<doc>Clicks the button identified by ``locator``.</doc>
<msg timestamp="20220408 18:44:30.323" level="INFO">Clicking button 'xpath://html/body/div/div/div/form/table/tbody/tr[3]/td[2]/button'.</msg>
<status status="PASS" starttime="20220408 18:44:30.322" endtime="20220408 18:44:30.443"/>
</kw>
<kw name="Sleep" library="BuiltIn">
<arg>3s</arg>
<doc>Pauses the test executed for the given time.</doc>
<msg timestamp="20220408 18:44:33.447" level="INFO">Slept 3 seconds</msg>
<status status="PASS" starttime="20220408 18:44:30.444" endtime="20220408 18:44:33.447"/>
</kw>
<doc>login page</doc>
<tag>Login</tag>
<status status="PASS" starttime="20220408 18:44:25.410" endtime="20220408 18:44:33.448"/>
</test>
<test id="s1-t2" name="Add Patient test case" line="29">
<kw name="Switch Window" library="SeleniumLibrary">
<arg>title:Hospital Management System</arg>
<doc>Switches to browser window matching ``locator``.</doc>
<status status="PASS" starttime="20220408 18:44:33.450" endtime="20220408 18:44:33.470"/>
</kw>
<kw name="Input Text" library="SeleniumLibrary">
<arg>name:name</arg>
<arg>${name_parameter}</arg>
<doc>Types the given ``text`` into the text field identified by ``locator``.</doc>
<msg timestamp="20220408 18:44:33.470" level="INFO">Typing text 'xyz' into text field 'name:name'.</msg>
<status status="PASS" starttime="20220408 18:44:33.470" endtime="20220408 18:44:33.545"/>
</kw>
<kw name="Sleep" library="BuiltIn">
<arg>1s</arg>
<doc>Pauses the test executed for the given time.</doc>
<msg timestamp="20220408 18:44:34.554" level="INFO">Slept 1 second</msg>
<status status="PASS" starttime="20220408 18:44:33.545" endtime="20220408 18:44:34.554"/>
</kw>
<kw name="Input Text" library="SeleniumLibrary">
<arg>name:mobile</arg>
<arg>${mobile_parameter}</arg>
<doc>Types the given ``text`` into the text field identified by ``locator``.</doc>
<msg timestamp="20220408 18:44:34.555" level="INFO">Typing text '7350965600' into text field 'name:mobile'.</msg>
<status status="PASS" starttime="20220408 18:44:34.554" endtime="20220408 18:44:34.631"/>
</kw>
<kw name="Sleep" library="BuiltIn">
<arg>1s</arg>
<doc>Pauses the test executed for the given time.</doc>
<msg timestamp="20220408 18:44:35.645" level="INFO">Slept 1 second</msg>
<status status="PASS" starttime="20220408 18:44:34.631" endtime="20220408 18:44:35.645"/>
</kw>
<kw name="Input Text" library="SeleniumLibrary">
<arg>name:age</arg>
<arg>${age_parameter}</arg>
<doc>Types the given ``text`` into the text field identified by ``locator``.</doc>
<msg timestamp="20220408 18:44:35.647" level="INFO">Typing text '21' into text field 'name:age'.</msg>
<status status="PASS" starttime="20220408 18:44:35.646" endtime="20220408 18:44:35.729"/>
</kw>
<kw name="Sleep" library="BuiltIn">
<arg>1s</arg>
<doc>Pauses the test executed for the given time.</doc>
<msg timestamp="20220408 18:44:36.732" level="INFO">Slept 1 second</msg>
<status status="PASS" starttime="20220408 18:44:35.730" endtime="20220408 18:44:36.732"/>
</kw>
<kw name="Input Text" library="SeleniumLibrary">
<arg>name:address</arg>
<arg>${address_parameter}</arg>
<doc>Types the given ``text`` into the text field identified by ``locator``.</doc>
<msg timestamp="20220408 18:44:36.733" level="INFO">Typing text 'Pune' into text field 'name:address'.</msg>
<status status="PASS" starttime="20220408 18:44:36.732" endtime="20220408 18:44:36.814"/>
</kw>
<kw name="Sleep" library="BuiltIn">
<arg>1s</arg>
<doc>Pauses the test executed for the given time.</doc>
<msg timestamp="20220408 18:44:37.823" level="INFO">Slept 1 second</msg>
<status status="PASS" starttime="20220408 18:44:36.814" endtime="20220408 18:44:37.823"/>
</kw>
<kw name="Input Text" library="SeleniumLibrary">
<arg>name:DOB</arg>
<arg>${dob_parameter}</arg>
<doc>Types the given ``text`` into the text field identified by ``locator``.</doc>
<msg timestamp="20220408 18:44:37.825" level="INFO">Typing text '17-06-2000' into text field 'name:DOB'.</msg>
<status status="PASS" starttime="20220408 18:44:37.824" endtime="20220408 18:44:37.922"/>
</kw>
<kw name="Sleep" library="BuiltIn">
<arg>1s</arg>
<doc>Pauses the test executed for the given time.</doc>
<msg timestamp="20220408 18:44:38.938" level="INFO">Slept 1 second</msg>
<status status="PASS" starttime="20220408 18:44:37.923" endtime="20220408 18:44:38.938"/>
</kw>
<kw name="Input Text" library="SeleniumLibrary">
<arg>name:place</arg>
<arg>${place_parameter}</arg>
<doc>Types the given ``text`` into the text field identified by ``locator``.</doc>
<msg timestamp="20220408 18:44:38.941" level="INFO">Typing text 'Pune' into text field 'name:place'.</msg>
<status status="PASS" starttime="20220408 18:44:38.940" endtime="20220408 18:44:39.033"/>
</kw>
<kw name="Sleep" library="BuiltIn">
<arg>1s</arg>
<doc>Pauses the test executed for the given time.</doc>
<msg timestamp="20220408 18:44:40.044" level="INFO">Slept 1 second</msg>
<status status="PASS" starttime="20220408 18:44:39.034" endtime="20220408 18:44:40.045"/>
</kw>
<kw name="Input Text" library="SeleniumLibrary">
<arg>name:pincode</arg>
<arg>${pin_parameter}</arg>
<doc>Types the given ``text`` into the text field identified by ``locator``.</doc>
<msg timestamp="20220408 18:44:40.047" level="INFO">Typing text '411038' into text field 'name:pincode'.</msg>
<status status="PASS" starttime="20220408 18:44:40.046" endtime="20220408 18:44:40.159"/>
</kw>
<kw name="Sleep" library="BuiltIn">
<arg>1s</arg>
<doc>Pauses the test executed for the given time.</doc>
<msg timestamp="20220408 18:44:41.166" level="INFO">Slept 1 second</msg>
<status status="PASS" starttime="20220408 18:44:40.159" endtime="20220408 18:44:41.166"/>
</kw>
<kw name="Click Button" library="SeleniumLibrary">
<arg>xpath=//html/body/div/div/form/table/tbody/tr[8]/td[2]/button</arg>
<doc>Clicks the button identified by ``locator``.</doc>
<msg timestamp="20220408 18:44:41.168" level="INFO">Clicking button 'xpath=//html/body/div/div/form/table/tbody/tr[8]/td[2]/button'.</msg>
<status status="PASS" starttime="20220408 18:44:41.167" endtime="20220408 18:44:41.311"/>
</kw>
<kw name="Sleep" library="BuiltIn">
<arg>3s</arg>
<doc>Pauses the test executed for the given time.</doc>
<msg timestamp="20220408 18:44:44.313" level="INFO">Slept 3 seconds</msg>
<status status="PASS" starttime="20220408 18:44:41.312" endtime="20220408 18:44:44.313"/>
</kw>
<doc>Add</doc>
<tag>Patient</tag>
<status status="PASS" starttime="20220408 18:44:33.449" endtime="20220408 18:44:44.315"/>
</test>
<test id="s1-t3" name="search test case" line="50">
<kw name="Click Element" library="SeleniumLibrary">
<arg>xpath=//html/body/nav/div/div/ul/li[2]/a</arg>
<doc>Click the element identified by ``locator``.</doc>
<msg timestamp="20220408 18:44:44.322" level="INFO">Clicking element 'xpath=//html/body/nav/div/div/ul/li[2]/a'.</msg>
<status status="PASS" starttime="20220408 18:44:44.321" endtime="20220408 18:44:44.436"/>
</kw>
<kw name="Input Text" library="SeleniumLibrary">
<arg>name:mobile</arg>
<arg>${mobile_parameter}</arg>
<doc>Types the given ``text`` into the text field identified by ``locator``.</doc>
<msg timestamp="20220408 18:44:44.437" level="INFO">Typing text '7350965600' into text field 'name:mobile'.</msg>
<status status="PASS" starttime="20220408 18:44:44.436" endtime="20220408 18:44:44.521"/>
</kw>
<kw name="Sleep" library="BuiltIn">
<arg>2s</arg>
<doc>Pauses the test executed for the given time.</doc>
<msg timestamp="20220408 18:44:46.536" level="INFO">Slept 2 seconds</msg>
<status status="PASS" starttime="20220408 18:44:44.521" endtime="20220408 18:44:46.536"/>
</kw>
<kw name="Click Button" library="SeleniumLibrary">
<arg>xpath=//html/body/div[1]/div/form/table/tbody/tr[2]/td[2]/button</arg>
<doc>Clicks the button identified by ``locator``.</doc>
<msg timestamp="20220408 18:44:46.538" level="INFO">Clicking button 'xpath=//html/body/div[1]/div/form/table/tbody/tr[2]/td[2]/button'.</msg>
<status status="PASS" starttime="20220408 18:44:46.538" endtime="20220408 18:44:46.684"/>
</kw>
<kw name="Sleep" library="BuiltIn">
<arg>3s</arg>
<doc>Pauses the test executed for the given time.</doc>
<msg timestamp="20220408 18:44:49.696" level="INFO">Slept 3 seconds</msg>
<status status="PASS" starttime="20220408 18:44:46.685" endtime="20220408 18:44:49.696"/>
</kw>
<doc>Search</doc>
<tag>Patient</tag>
<status status="PASS" starttime="20220408 18:44:44.319" endtime="20220408 18:44:49.698"/>
</test>
<test id="s1-t4" name="update test case" line="60">
<kw name="Click Element" library="SeleniumLibrary">
<arg>xpath=//html/body/nav/div/div/ul/li[5]/a</arg>
<doc>Click the element identified by ``locator``.</doc>
<msg timestamp="20220408 18:44:49.704" level="INFO">Clicking element 'xpath=//html/body/nav/div/div/ul/li[5]/a'.</msg>
<status status="PASS" starttime="20220408 18:44:49.703" endtime="20220408 18:44:49.798"/>
</kw>
<kw name="Input Text" library="SeleniumLibrary">
<arg>name:mobile</arg>
<arg>${mobile_parameter}</arg>
<doc>Types the given ``text`` into the text field identified by ``locator``.</doc>
<msg timestamp="20220408 18:44:49.799" level="INFO">Typing text '7350965600' into text field 'name:mobile'.</msg>
<status status="PASS" starttime="20220408 18:44:49.798" endtime="20220408 18:44:49.880"/>
</kw>
<kw name="Sleep" library="BuiltIn">
<arg>2s</arg>
<doc>Pauses the test executed for the given time.</doc>
<msg timestamp="20220408 18:44:51.893" level="INFO">Slept 2 seconds</msg>
<status status="PASS" starttime="20220408 18:44:49.881" endtime="20220408 18:44:51.893"/>
</kw>
<kw name="Click Button" library="SeleniumLibrary">
<arg>xpath=//html/body/div/div/form/table/tbody/tr[2]/td[2]/button</arg>
<doc>Clicks the button identified by ``locator``.</doc>
<msg timestamp="20220408 18:44:51.895" level="INFO">Clicking button 'xpath=//html/body/div/div/form/table/tbody/tr[2]/td[2]/button'.</msg>
<status status="PASS" starttime="20220408 18:44:51.894" endtime="20220408 18:44:52.059"/>
</kw>
<kw name="Switch Window" library="SeleniumLibrary">
<arg>title:Hospital Management System</arg>
<doc>Switches to browser window matching ``locator``.</doc>
<status status="PASS" starttime="20220408 18:44:52.060" endtime="20220408 18:44:52.100"/>
</kw>
<kw name="Input Text" library="SeleniumLibrary">
<arg>name:name</arg>
<arg>${name_parameter}</arg>
<doc>Types the given ``text`` into the text field identified by ``locator``.</doc>
<msg timestamp="20220408 18:44:52.101" level="INFO">Typing text 'xyz' into text field 'name:name'.</msg>
<status status="PASS" starttime="20220408 18:44:52.101" endtime="20220408 18:44:52.174"/>
</kw>
<kw name="Sleep" library="BuiltIn">
<arg>1s</arg>
<doc>Pauses the test executed for the given time.</doc>
<msg timestamp="20220408 18:44:53.184" level="INFO">Slept 1 second</msg>
<status status="PASS" starttime="20220408 18:44:52.175" endtime="20220408 18:44:53.184"/>
</kw>
<kw name="Input Text" library="SeleniumLibrary">
<arg>name:mobile</arg>
<arg>${mobile_parameter}</arg>
<doc>Types the given ``text`` into the text field identified by ``locator``.</doc>
<msg timestamp="20220408 18:44:53.187" level="INFO">Typing text '7350965600' into text field 'name:mobile'.</msg>
<status status="PASS" starttime="20220408 18:44:53.186" endtime="20220408 18:44:53.310"/>
</kw>
<kw name="Sleep" library="BuiltIn">
<arg>1s</arg>
<doc>Pauses the test executed for the given time.</doc>
<msg timestamp="20220408 18:44:54.321" level="INFO">Slept 1 second</msg>
<status status="PASS" starttime="20220408 18:44:53.311" endtime="20220408 18:44:54.321"/>
</kw>
<kw name="Input Text" library="SeleniumLibrary">
<arg>name:age</arg>
<arg>${age_parameter}</arg>
<doc>Types the given ``text`` into the text field identified by ``locator``.</doc>
<msg timestamp="20220408 18:44:54.324" level="INFO">Typing text '21' into text field 'name:age'.</msg>
<status status="PASS" starttime="20220408 18:44:54.323" endtime="20220408 18:44:54.424"/>
</kw>
<kw name="Sleep" library="BuiltIn">
<arg>1s</arg>
<doc>Pauses the test executed for the given time.</doc>
<msg timestamp="20220408 18:44:55.426" level="INFO">Slept 1 second</msg>
<status status="PASS" starttime="20220408 18:44:54.424" endtime="20220408 18:44:55.426"/>
</kw>
<kw name="Input Text" library="SeleniumLibrary">
<arg>name:address</arg>
<arg>${address_parameter}</arg>
<doc>Types the given ``text`` into the text field identified by ``locator``.</doc>
<msg timestamp="20220408 18:44:55.429" level="INFO">Typing text 'Pune' into text field 'name:address'.</msg>
<status status="PASS" starttime="20220408 18:44:55.428" endtime="20220408 18:44:55.532"/>
</kw>
<kw name="Sleep" library="BuiltIn">
<arg>1s</arg>
<doc>Pauses the test executed for the given time.</doc>
<msg timestamp="20220408 18:44:56.549" level="INFO">Slept 1 second</msg>
<status status="PASS" starttime="20220408 18:44:55.532" endtime="20220408 18:44:56.549"/>
</kw>
<kw name="Input Text" library="SeleniumLibrary">
<arg>name:DOB</arg>
<arg>${dob_parameter}</arg>
<doc>Types the given ``text`` into the text field identified by ``locator``.</doc>
<msg timestamp="20220408 18:44:56.550" level="INFO">Typing text '17-06-2000' into text field 'name:DOB'.</msg>
<status status="PASS" starttime="20220408 18:44:56.549" endtime="20220408 18:44:56.613"/>
</kw>
<kw name="Sleep" library="BuiltIn">
<arg>1s</arg>
<doc>Pauses the test executed for the given time.</doc>
<msg timestamp="20220408 18:44:57.625" level="INFO">Slept 1 second</msg>
<status status="PASS" starttime="20220408 18:44:56.613" endtime="20220408 18:44:57.625"/>
</kw>
<kw name="Input Text" library="SeleniumLibrary">
<arg>name:place</arg>
<arg>${place_parameter}</arg>
<doc>Types the given ``text`` into the text field identified by ``locator``.</doc>
<msg timestamp="20220408 18:44:57.627" level="INFO">Typing text 'Pune' into text field 'name:place'.</msg>
<status status="PASS" starttime="20220408 18:44:57.626" endtime="20220408 18:44:57.710"/>
</kw>
<kw name="Sleep" library="BuiltIn">
<arg>1s</arg>
<doc>Pauses the test executed for the given time.</doc>
<msg timestamp="20220408 18:44:58.711" level="INFO">Slept 1 second</msg>
<status status="PASS" starttime="20220408 18:44:57.710" endtime="20220408 18:44:58.711"/>
</kw>
<kw name="Input Text" library="SeleniumLibrary">
<arg>name:pincode</arg>
<arg>${pin_parameter}</arg>
<doc>Types the given ``text`` into the text field identified by ``locator``.</doc>
<msg timestamp="20220408 18:44:58.712" level="INFO">Typing text '411038' into text field 'name:pincode'.</msg>
<status status="PASS" starttime="20220408 18:44:58.712" endtime="20220408 18:44:58.785"/>
</kw>
<kw name="Sleep" library="BuiltIn">
<arg>1s</arg>
<doc>Pauses the test executed for the given time.</doc>
<msg timestamp="20220408 18:44:59.799" level="INFO">Slept 1 second</msg>
<status status="PASS" starttime="20220408 18:44:58.785" endtime="20220408 18:44:59.799"/>
</kw>
<kw name="Click Button" library="SeleniumLibrary">
<arg>xpath://html/body/div/div/form/table/tbody/tr[8]/td[2]/button</arg>
<doc>Clicks the button identified by ``locator``.</doc>
<msg timestamp="20220408 18:44:59.802" level="INFO">Clicking button 'xpath://html/body/div/div/form/table/tbody/tr[8]/td[2]/button'.</msg>
<status status="PASS" starttime="20220408 18:44:59.801" endtime="20220408 18:44:59.949"/>
</kw>
<kw name="Sleep" library="BuiltIn">
<arg>3s</arg>
<doc>Pauses the test executed for the given time.</doc>
<msg timestamp="20220408 18:45:02.958" level="INFO">Slept 3 seconds</msg>
<status status="PASS" starttime="20220408 18:44:59.950" endtime="20220408 18:45:02.958"/>
</kw>
<doc>Update</doc>
<tag>Patient</tag>
<status status="PASS" starttime="20220408 18:44:49.701" endtime="20220408 18:45:02.960"/>
</test>
<test id="s1-t5" name="delete test case" line="87">
<kw name="Click Element" library="SeleniumLibrary">
<arg>xpath=//html/body/nav/div/div/ul/li[3]/a</arg>
<doc>Click the element identified by ``locator``.</doc>
<msg timestamp="20220408 18:45:02.965" level="INFO">Clicking element 'xpath=//html/body/nav/div/div/ul/li[3]/a'.</msg>
<status status="PASS" starttime="20220408 18:45:02.965" endtime="20220408 18:45:03.094"/>
</kw>
<kw name="Input Text" library="SeleniumLibrary">
<arg>name:mobile</arg>
<arg>${mobile_parameter}</arg>
<doc>Types the given ``text`` into the text field identified by ``locator``.</doc>
<msg timestamp="20220408 18:45:03.095" level="INFO">Typing text '7350965600' into text field 'name:mobile'.</msg>
<status status="PASS" starttime="20220408 18:45:03.094" endtime="20220408 18:45:03.180"/>
</kw>
<kw name="Sleep" library="BuiltIn">
<arg>2s</arg>
<doc>Pauses the test executed for the given time.</doc>
<msg timestamp="20220408 18:45:05.196" level="INFO">Slept 2 seconds</msg>
<status status="PASS" starttime="20220408 18:45:03.182" endtime="20220408 18:45:05.196"/>
</kw>
<kw name="Click Button" library="SeleniumLibrary">
<arg>xpath=//html/body/div/div/form/table/tbody/tr[2]/td[2]/button</arg>
<doc>Clicks the button identified by ``locator``.</doc>
<msg timestamp="20220408 18:45:05.198" level="INFO">Clicking button 'xpath=//html/body/div/div/form/table/tbody/tr[2]/td[2]/button'.</msg>
<status status="PASS" starttime="20220408 18:45:05.198" endtime="20220408 18:45:05.379"/>
</kw>
<kw name="Sleep" library="BuiltIn">
<arg>3s</arg>
<doc>Pauses the test executed for the given time.</doc>
<msg timestamp="20220408 18:45:08.392" level="INFO">Slept 3 seconds</msg>
<status status="PASS" starttime="20220408 18:45:05.380" endtime="20220408 18:45:08.392"/>
</kw>
<kw name="Close Browser" library="SeleniumLibrary">
<doc>Closes the current browser.</doc>
<status status="PASS" starttime="20220408 18:45:08.393" endtime="20220408 18:45:10.562"/>
</kw>
<doc>Delete</doc>
<tag>Patient</tag>
<status status="PASS" starttime="20220408 18:45:02.963" endtime="20220408 18:45:10.562"/>
</test>
<status status="PASS" starttime="20220408 18:44:25.162" endtime="20220408 18:45:10.566"/>
</suite>
<statistics>
<total>
<stat pass="5" fail="0" skip="0">All Tests</stat>
</total>
<tag>
<stat pass="1" fail="0" skip="0">Login</stat>
<stat pass="4" fail="0" skip="0">Patient</stat>
</tag>
<suite>
<stat pass="5" fail="0" skip="0" id="s1" name="Hospital">Hospital</stat>
</suite>
</statistics>
<errors>
</errors>
</robot>
